<?xml version="1.0" encoding="UTF-8"?>
<testng-results ignored="0" total="2" passed="2" failed="0" skipped="0">
  <reporter-output>
  </reporter-output>
  <suite started-at="2026-02-19T12:27:58 IST" name="Default suite" finished-at="2026-02-19T12:28:25 IST" duration-ms="27013">
    <groups>
    </groups>
    <test started-at="2026-02-19T12:27:58 IST" name="Default test" finished-at="2026-02-19T12:28:25 IST" duration-ms="27013">
      <class name="RealGrocary.Groc.com.wiki">
        <test-method is-config="true" signature="startReport()[pri:0, instance:RealGrocary.Groc.com.wiki@6fa51cd4]" started-at="2026-02-19T12:27:58 IST" name="startReport" finished-at="2026-02-19T12:27:58 IST" duration-ms="521" status="PASS">
          <reporter-output>
          </reporter-output>
        </test-method> <!-- startReport -->
        <test-method is-config="true" signature="setup()[pri:0, instance:RealGrocary.Groc.com.wiki@6fa51cd4]" started-at="2026-02-19T12:27:58 IST" name="setup" finished-at="2026-02-19T12:28:14 IST" duration-ms="15785" status="PASS">
          <reporter-output>
          </reporter-output>
        </test-method> <!-- setup -->
        <test-method signature="conentInWikipedia()[pri:1, instance:RealGrocary.Groc.com.wiki@6fa51cd4]" started-at="2026-02-19T12:28:14 IST" name="conentInWikipedia" finished-at="2026-02-19T12:28:15 IST" duration-ms="1204" status="PASS">
          <reporter-output>
          </reporter-output>
        </test-method> <!-- conentInWikipedia -->
        <test-method signature="searchInWikipedia1()[pri:2, instance:RealGrocary.Groc.com.wiki@6fa51cd4]" started-at="2026-02-19T12:28:15 IST" name="searchInWikipedia1" finished-at="2026-02-19T12:28:23 IST" duration-ms="8363" status="PASS">
          <reporter-output>
          </reporter-output>
        </test-method> <!-- searchInWikipedia1 -->
        <test-method is-config="true" signature="teardown()[pri:0, instance:RealGrocary.Groc.com.wiki@6fa51cd4]" started-at="2026-02-19T12:28:23 IST" name="teardown" finished-at="2026-02-19T12:28:24 IST" duration-ms="1027" status="PASS">
          <reporter-output>
          </reporter-output>
        </test-method> <!-- teardown -->
        <test-method is-config="true" signature="flushReport()[pri:0, instance:RealGrocary.Groc.com.wiki@6fa51cd4]" started-at="2026-02-19T12:28:24 IST" name="flushReport" finished-at="2026-02-19T12:28:25 IST" duration-ms="23" status="PASS">
          <reporter-output>
          </reporter-output>
        </test-method> <!-- flushReport -->
      </class> <!-- RealGrocary.Groc.com.wiki -->
    </test> <!-- Default test -->
  </suite> <!-- Default suite -->
</testng-results>
